#
# There is insufficient memory for the Java Runtime Environment to continue.
# Native memory allocation (mmap) failed to map 264241152 bytes for Failed to commit area from 0x0000000704a00000 to 0x0000000714600000 of length 264241152.
# Possible reasons:
#   The system is out of physical RAM or swap space
#   The process is running with CompressedOops enabled, and the Java Heap may be blocking the growth of the native heap
# Possible solutions:
#   Reduce memory load on the system
#   Increase physical memory or swap space
#   Check if swap backing store is full
#   Decrease Java heap size (-Xmx/-Xms)
#   Decrease number of Java threads
#   Decrease Java thread stack sizes (-Xss)
#   Set larger code cache with -XX:ReservedCodeCacheSize=
# This output file may be truncated or incomplete.
#
#  Out of Memory Error (./src/hotspot/os/windows/os_windows.cpp:3387), pid=41752, tid=13556
#
# JRE version:  (11.0.14.1+1) (build )
# Java VM: OpenJDK 64-Bit Server VM (11.0.14.1+1, mixed mode, sharing, tiered, compressed oops, g1 gc, windows-amd64)
# No core dump will be written. Minidumps are not enabled by default on client versions of Windows
#

---------------  S U M M A R Y ------------

Command Line: -Dfile.encoding=UTF-8 

Host: 13th Gen Intel(R) Core(TM) i7-13700H, 20 cores, 15G,  Windows 11 , 64 bit Build 22621 (10.0.22621.3235)
Time: Thu Mar 28 16:58:43 2024 Türkiye Standart Saati elapsed time: 0.008717 seconds (0d 0h 0m 0s)

---------------  T H R E A D  ---------------

Current thread (0x000002a83bb9e000):  JavaThread "Unknown thread" [_thread_in_vm, id=13556, stack(0x000000f524a00000,0x000000f524b00000)]

Stack: [0x000000f524a00000,0x000000f524b00000]
Native frames: (J=compiled Java code, j=interpreted, Vv=VM code, C=native code)
V  [jvm.dll+0x61e59a]
V  [jvm.dll+0x7aaca9]
V  [jvm.dll+0x7ac398]
V  [jvm.dll+0x7aca73]
V  [jvm.dll+0x24f9b8]
V  [jvm.dll+0x61b83a]
V  [jvm.dll+0x6100c5]
V  [jvm.dll+0x30772c]
V  [jvm.dll+0x3075b2]
V  [jvm.dll+0x30c2d6]
V  [jvm.dll+0x35272f]
V  [jvm.dll+0x352160]
V  [jvm.dll+0x2e4728]
V  [jvm.dll+0x2e5886]
V  [jvm.dll+0x784b07]
V  [jvm.dll+0x78628f]
V  [jvm.dll+0x35f479]
V  [jvm.dll+0x767aa0]
V  [jvm.dll+0x3ccf1f]
V  [jvm.dll+0x3cf2b1]
C  [jli.dll+0x5207]
C  [ucrtbase.dll+0x29363]
C  [KERNEL32.DLL+0x1257d]
C  [ntdll.dll+0x5aa58]


---------------  P R O C E S S  ---------------

Threads class SMR info:
_java_thread_list=0x000002a839835b90, length=0, elements={
}

Java Threads: ( => current thread )

Other Threads:
  0x000002a83bbb8000 GCTaskThread "GC Thread#0" [stack: 0x000000f524b00000,0x000000f524c00000] [id=26700]
  0x000002a83bc16000 ConcurrentGCThread "G1 Main Marker" [stack: 0x000000f524c00000,0x000000f524d00000] [id=3252]
  0x000002a83bc17800 ConcurrentGCThread "G1 Conc#0" [stack: 0x000000f524d00000,0x000000f524e00000] [id=42648]

[error occurred during error reporting (printing all threads), id 0xc0000005, EXCEPTION_ACCESS_VIOLATION (0xc0000005) at pc=0x00007ffba3033ef7]

VM state:not at safepoint (not fully initialized)

VM Mutex/Monitor currently owned by a thread:  ([mutex/lock_event])
[0x000002a83bb9a2a0] Heap_lock - owner thread: 0x000002a83bb9e000

Heap address: 0x0000000704a00000, size: 4022 MB, Compressed Oops mode: Non-zero based: 0x0000000704a00000
Narrow klass base: 0x0000000000000000, Narrow klass shift: 0

GC Heap History (0 events):
No events

Deoptimization events (0 events):
No events

Classes redefined (0 events):
No events

Internal exceptions (0 events):
No events

Events (1 events):
Event: 0.005 Loaded shared library C:\Program Files\Unity\Hub\Editor\2022.3.21f1\Editor\Data\PlaybackEngines\AndroidPlayer\OpenJDK\bin\zip.dll


Dynamic libraries:
0x00007ff68f040000 - 0x00007ff68f04d000 	C:\Program Files\Unity\Hub\Editor\2022.3.21f1\Editor\Data\PlaybackEngines\AndroidPlayer\OpenJDK\bin\java.exe
0x00007ffc2ae30000 - 0x00007ffc2b046000 	C:\Windows\SYSTEM32\ntdll.dll
0x00007ffc28e00000 - 0x00007ffc28ec4000 	C:\Windows\System32\KERNEL32.DLL
0x00007ffc281f0000 - 0x00007ffc28596000 	C:\Windows\System32\KERNELBASE.dll
0x00007ffc28a60000 - 0x00007ffc28b71000 	C:\Windows\System32\ucrtbase.dll
0x00007ffc1d8e0000 - 0x00007ffc1d8f7000 	C:\Program Files\Unity\Hub\Editor\2022.3.21f1\Editor\Data\PlaybackEngines\AndroidPlayer\OpenJDK\bin\jli.dll
0x00007ffc1e9a0000 - 0x00007ffc1e9b5000 	C:\Program Files\Unity\Hub\Editor\2022.3.21f1\Editor\Data\PlaybackEngines\AndroidPlayer\OpenJDK\bin\VCRUNTIME140.dll
0x00007ffc28c50000 - 0x00007ffc28dfd000 	C:\Windows\System32\USER32.dll
0x00007ffc28890000 - 0x00007ffc288b6000 	C:\Windows\System32\win32u.dll
0x00007ffc0ac00000 - 0x00007ffc0ae93000 	C:\Windows\WinSxS\amd64_microsoft.windows.common-controls_6595b64144ccf1df_6.0.22621.3235_none_270f74e173860f98\COMCTL32.dll
0x00007ffc292c0000 - 0x00007ffc292e9000 	C:\Windows\System32\GDI32.dll
0x00007ffc29210000 - 0x00007ffc292b7000 	C:\Windows\System32\msvcrt.dll
0x00007ffc28770000 - 0x00007ffc28888000 	C:\Windows\System32\gdi32full.dll
0x00007ffc285a0000 - 0x00007ffc2863a000 	C:\Windows\System32\msvcp_win.dll
0x00007ffc29910000 - 0x00007ffc29941000 	C:\Windows\System32\IMM32.DLL
0x00007ffc03e70000 - 0x00007ffc03f0b000 	C:\Program Files\Unity\Hub\Editor\2022.3.21f1\Editor\Data\PlaybackEngines\AndroidPlayer\OpenJDK\bin\msvcp140.dll
0x00007ffba2d40000 - 0x00007ffba38c1000 	C:\Program Files\Unity\Hub\Editor\2022.3.21f1\Editor\Data\PlaybackEngines\AndroidPlayer\OpenJDK\bin\server\jvm.dll
0x00007ffc2a7b0000 - 0x00007ffc2a862000 	C:\Windows\System32\ADVAPI32.dll
0x00007ffc2a680000 - 0x00007ffc2a728000 	C:\Windows\System32\sechost.dll
0x00007ffc288c0000 - 0x00007ffc288e8000 	C:\Windows\System32\bcrypt.dll
0x00007ffc29950000 - 0x00007ffc29a65000 	C:\Windows\System32\RPCRT4.dll
0x00007ffc28fb0000 - 0x00007ffc28fb8000 	C:\Windows\System32\PSAPI.DLL
0x00007ffc24d70000 - 0x00007ffc24da4000 	C:\Windows\SYSTEM32\WINMM.dll
0x00007ffc01dd0000 - 0x00007ffc01dd9000 	C:\Windows\SYSTEM32\WSOCK32.dll
0x00007ffc1c860000 - 0x00007ffc1c86a000 	C:\Windows\SYSTEM32\VERSION.dll
0x00007ffc28fc0000 - 0x00007ffc29031000 	C:\Windows\System32\WS2_32.dll
0x00007ffc27280000 - 0x00007ffc27298000 	C:\Windows\SYSTEM32\kernel.appcore.dll
0x00007ffc1ead0000 - 0x00007ffc1eae0000 	C:\Program Files\Unity\Hub\Editor\2022.3.21f1\Editor\Data\PlaybackEngines\AndroidPlayer\OpenJDK\bin\verify.dll
0x00007ffc25990000 - 0x00007ffc25bc3000 	C:\Windows\SYSTEM32\DBGHELP.DLL
0x00007ffc29580000 - 0x00007ffc29908000 	C:\Windows\System32\combase.dll
0x00007ffc28ed0000 - 0x00007ffc28fa7000 	C:\Windows\System32\OLEAUT32.dll
0x00007ffc24d30000 - 0x00007ffc24d62000 	C:\Windows\SYSTEM32\dbgcore.DLL
0x00007ffc28170000 - 0x00007ffc281ea000 	C:\Windows\System32\bcryptPrimitives.dll
0x00007ffc1b830000 - 0x00007ffc1b858000 	C:\Program Files\Unity\Hub\Editor\2022.3.21f1\Editor\Data\PlaybackEngines\AndroidPlayer\OpenJDK\bin\java.dll
0x00007ffc1eab0000 - 0x00007ffc1eaba000 	C:\Program Files\Unity\Hub\Editor\2022.3.21f1\Editor\Data\PlaybackEngines\AndroidPlayer\OpenJDK\bin\jimage.dll
0x00007ffc18940000 - 0x00007ffc18958000 	C:\Program Files\Unity\Hub\Editor\2022.3.21f1\Editor\Data\PlaybackEngines\AndroidPlayer\OpenJDK\bin\zip.dll

dbghelp: loaded successfully - version: 4.0.5 - missing functions: none
symbol engine: initialized successfully - sym options: 0x614 - pdb path: .;C:\Program Files\Unity\Hub\Editor\2022.3.21f1\Editor\Data\PlaybackEngines\AndroidPlayer\OpenJDK\bin;C:\Windows\SYSTEM32;C:\Windows\WinSxS\amd64_microsoft.windows.common-controls_6595b64144ccf1df_6.0.22621.3235_none_270f74e173860f98;C:\Program Files\Unity\Hub\Editor\2022.3.21f1\Editor\Data\PlaybackEngines\AndroidPlayer\OpenJDK\bin\server

VM Arguments:
jvm_args: -Dfile.encoding=UTF-8 
java_command: <unknown>
java_class_path (initial): <not set>
Launcher Type: SUN_STANDARD

[Global flags]
     intx CICompilerCount                          = 12                                        {product} {ergonomic}
     uint ConcGCThreads                            = 4                                         {product} {ergonomic}
     uint G1ConcRefinementThreads                  = 15                                        {product} {ergonomic}
   size_t G1HeapRegionSize                         = 1048576                                   {product} {ergonomic}
    uintx GCDrainStackTargetSize                   = 64                                        {product} {ergonomic}
   size_t InitialHeapSize                          = 264241152                                 {product} {ergonomic}
   size_t MarkStackSize                            = 4194304                                   {product} {ergonomic}
   size_t MaxHeapSize                              = 4217372672                                {product} {ergonomic}
   size_t MinHeapDeltaBytes                        = 1048576                                   {product} {ergonomic}
    uintx NonNMethodCodeHeapSize                   = 7594288                                {pd product} {ergonomic}
    uintx NonProfiledCodeHeapSize                  = 122031976                              {pd product} {ergonomic}
    uintx ProfiledCodeHeapSize                     = 122031976                              {pd product} {ergonomic}
    uintx ReservedCodeCacheSize                    = 251658240                              {pd product} {ergonomic}
     bool SegmentedCodeCache                       = true                                      {product} {ergonomic}
     bool UseCompressedClassPointers               = true                                 {lp64_product} {ergonomic}
     bool UseCompressedOops                        = true                                 {lp64_product} {ergonomic}
     bool UseG1GC                                  = true                                      {product} {ergonomic}
     bool UseLargePagesIndividualAllocation        = false                                  {pd product} {ergonomic}

Logging:
Log output configuration:
 #0: stdout all=warning uptime,level,tags
 #1: stderr all=off uptime,level,tags

Environment Variables:
JAVA_HOME=C:\Program Files\Unity\Hub\Editor\2022.3.21f1\Editor\Data\PlaybackEngines\AndroidPlayer\OpenJDK
JAVA_TOOL_OPTIONS=-Dfile.encoding=UTF-8
PATH=C:\Program Files\Common Files\Oracle\Java\javapath;C:\Windows\system32;C:\Windows;C:\Windows\System32\Wbem;C:\Windows\System32\WindowsPowerShell\v1.0\;C:\Windows\System32\OpenSSH\;C:\Program Files (x86)\NVIDIA Corporation\PhysX\Common;C:\Program Files\NVIDIA Corporation\NVIDIA NvDLISR;C:\Program Files\dotnet\;C:\Program Files\Git\cmd;C:\Program Files (x86)\Windows Kits\10\Windows Performance Toolkit\;C:\Users\cisem\AppData\Local\Programs\Python\Python311\Scripts\;C:\Users\cisem\AppData\Local\Programs\Python\Python311\;C:\Users\cisem\AppData\Local\Programs\Python\Launcher\;C:\Users\cisem\AppData\Local\Microsoft\WindowsApps;C:\Users\cisem\AppData\Local\GitHubDesktop\bin;C:\Users\cisem\AppData\Local\Programs\Microsoft VS Code\bin;C:\iverilog\bin;C:\iverilog\gtkwave\bin
USERNAME=cisem
OS=Windows_NT
PROCESSOR_IDENTIFIER=Intel64 Family 6 Model 186 Stepping 2, GenuineIntel



---------------  S Y S T E M  ---------------

OS: Windows 11 , 64 bit Build 22621 (10.0.22621.3235)
OS uptime: 13 days 5:08 hours
Hyper-V role detected

CPU:total 20 (initial active 20) (10 cores per cpu, 2 threads per core) family 6 model 186 stepping 2 microcode 0x410e, cmov, cx8, fxsr, mmx, sse, sse2, sse3, ssse3, sse4.1, sse4.2, popcnt, avx, avx2, aes, clmul, erms, 3dnowpref, lzcnt, ht, tsc, tscinvbit, bmi1, bmi2, adx, sha, fma

Memory: 4k page, system-wide physical 16085M (354M free)
TotalPageFile size 65237M (AvailPageFile size 6M)
current process WorkingSet (physical memory assigned to process): 11M, peak: 11M
current process commit charge ("private bytes"): 76M, peak: 328M

vm_info: OpenJDK 64-Bit Server VM (11.0.14.1+1) for windows-amd64 JRE (11.0.14.1+1), built on Feb  9 2022 01:48:27 by "" with unknown MS VC++:1916

END.
